<?xml version="1.0" encoding="UTF-8"?>
<!-- Generated by org.testng.reporters.JUnitReportReporter -->
<testsuite skipped="0" hostname="DESKTOP-4ST96S8" name="com.training.sanity.tests.TC3" tests="1" failures="0" timestamp="27 Nov 2019 03:18:21 GMT" time="42.163" errors="0">
  <testcase name="A_validLoginTest" time="42.163" classname="com.training.sanity.tests.TC3"/>
</testsuite> <!-- com.training.sanity.tests.TC3 -->
