<?xml version="1.0" encoding="UTF-8"?>
<!-- Generated by org.testng.reporters.JUnitReportReporter -->
<testsuite skipped="0" hostname="DESKTOP-4ST96S8" name="com.training.sanity.tests.TC2" tests="1" failures="0" timestamp="26 Nov 2019 14:04:12 GMT" time="25.232" errors="0">
  <testcase name="A_validLoginTest" time="25.232" classname="com.training.sanity.tests.TC2"/>
</testsuite> <!-- com.training.sanity.tests.TC2 -->
